# JRE version: Java(TM) SE Runtime Environment (21.0.1+12) (build 21.0.1+12-LTS-29)
# Java VM: Java HotSpot(TM) 64-Bit Server VM (21.0.1+12-LTS-29, mixed mode, emulated-client, sharing, tiered, compressed oops, compressed class ptrs, g1 gc, windows-amd64)
GC Precious Log:
 CardTable entry size: 512
 Card Set container configuration: InlinePtr #cards 4 size 8 Array Of Cards #cards 16 size 48 Howl #buckets 8 coarsen threshold 3686 Howl Bitmap #cards 512 size 80 coarsen threshold 460 Card regions per heap region 1 cards per card region 4096
 CPUs: 16 total, 16 available
 Memory: 16235M
 Large Page Support: Disabled
 NUMA Support: Disabled
 Compressed Oops: Enabled (Zero based)
 Heap Region Size: 2M
 Heap Min Capacity: 8M
 Heap Initial Capacity: 254M
 Heap Max Capacity: 4060M
 Pre-touch: Disabled
 Parallel Workers: 13
 Concurrent Workers: 3
 Concurrent Refinement Workers: 13
 Periodic GC: Disabled
Heap:
 garbage-first heap   total 55296K, used 35093K [0x0000000702400000, 0x0000000800000000)
  region size 2048K, 11 young (22528K), 0 survivors (0K)
 Metaspace       used 35520K, committed 36480K, reserved 1114112K
  class space    used 4673K, committed 5056K, reserved 1048576K
GC Heap History (20 events):
Event: 0.852 GC heap before
{Heap before GC invocations=2 (full 0):
 garbage-first heap   total 260096K, used 59693K [0x0000000702400000, 0x0000000800000000)
  region size 2048K, 28 young (57344K), 1 survivors (2048K)
 Metaspace       used 15999K, committed 16384K, reserved 1114112K
  class space    used 2023K, committed 2176K, reserved 1048576K
}
Event: 0.855 GC heap after
{Heap after GC invocations=3 (full 0):
 garbage-first heap   total 260096K, used 8127K [0x0000000702400000, 0x0000000800000000)
  region size 2048K, 2 young (4096K), 2 survivors (4096K)
 Metaspace       used 15999K, committed 16384K, reserved 1114112K
  class space    used 2023K, committed 2176K, reserved 1048576K
}
Event: 0.937 GC heap before
{Heap before GC invocations=4 (full 0):
 garbage-first heap   total 49152K, used 44991K [0x0000000702400000, 0x0000000800000000)
  region size 2048K, 21 young (43008K), 2 survivors (4096K)
 Metaspace       used 18976K, committed 19328K, reserved 1114112K
  class space    used 2415K, committed 2560K, reserved 1048576K
}
Event: 0.940 GC heap after
{Heap after GC invocations=5 (full 0):
 garbage-first heap   total 53248K, used 8823K [0x0000000702400000, 0x0000000800000000)
  region size 2048K, 2 young (4096K), 2 survivors (4096K)
 Metaspace       used 18976K, committed 19328K, reserved 1114112K
  class space    used 2415K, committed 2560K, reserved 1048576K
}
Event: 1.020 GC heap before
{Heap before GC invocations=5 (full 0):
 garbage-first heap   total 53248K, used 35447K [0x0000000702400000, 0x0000000800000000)
  region size 2048K, 15 young (30720K), 2 survivors (4096K)
 Metaspace       used 20931K, committed 21312K, reserved 1114112K
  class space    used 2681K, committed 2880K, reserved 1048576K
}
Event: 1.022 GC heap after
{Heap after GC invocations=6 (full 0):
 garbage-first heap   total 53248K, used 10331K [0x0000000702400000, 0x0000000800000000)
  region size 2048K, 2 young (4096K), 2 survivors (4096K)
 Metaspace       used 20931K, committed 21312K, reserved 1114112K
  class space    used 2681K, committed 2880K, reserved 1048576K
}
Event: 1.200 GC heap before
{Heap before GC invocations=6 (full 0):
 garbage-first heap   total 53248K, used 36955K [0x0000000702400000, 0x0000000800000000)
  region size 2048K, 15 young (30720K), 2 survivors (4096K)
 Metaspace       used 22117K, committed 22528K, reserved 1114112K
  class space    used 2864K, committed 3072K, reserved 1048576K
}
Event: 1.202 GC heap after
{Heap after GC invocations=7 (full 0):
 garbage-first heap   total 157696K, used 11570K [0x0000000702400000, 0x0000000800000000)
  region size 2048K, 2 young (4096K), 2 survivors (4096K)
 Metaspace       used 22117K, committed 22528K, reserved 1114112K
  class space    used 2864K, committed 3072K, reserved 1048576K
}
Event: 1.523 GC heap before
{Heap before GC invocations=7 (full 0):
 garbage-first heap   total 157696K, used 62770K [0x0000000702400000, 0x0000000800000000)
  region size 2048K, 28 young (57344K), 2 survivors (4096K)
 Metaspace       used 26800K, committed 27328K, reserved 1114112K
  class space    used 3523K, committed 3776K, reserved 1048576K
}
Event: 1.526 GC heap after
{Heap after GC invocations=8 (full 0):
 garbage-first heap   total 157696K, used 13732K [0x0000000702400000, 0x0000000800000000)
  region size 2048K, 3 young (6144K), 3 survivors (6144K)
 Metaspace       used 26800K, committed 27328K, reserved 1114112K
  class space    used 3523K, committed 3776K, reserved 1048576K
}
Event: 1.818 GC heap before
{Heap before GC invocations=9 (full 0):
 garbage-first heap   total 61440K, used 58788K [0x0000000702400000, 0x0000000800000000)
  region size 2048K, 25 young (51200K), 3 survivors (6144K)
 Metaspace       used 30306K, committed 30912K, reserved 1114112K
  class space    used 4000K, committed 4288K, reserved 1048576K
}
Event: 1.822 GC heap after
{Heap after GC invocations=10 (full 0):
 garbage-first heap   total 69632K, used 16062K [0x0000000702400000, 0x0000000800000000)
  region size 2048K, 4 young (8192K), 4 survivors (8192K)
 Metaspace       used 30306K, committed 30912K, reserved 1114112K
  class space    used 4000K, committed 4288K, reserved 1048576K
}
Event: 9.061 GC heap before
{Heap before GC invocations=10 (full 0):
 garbage-first heap   total 69632K, used 48830K [0x0000000702400000, 0x0000000800000000)
  region size 2048K, 20 young (40960K), 4 survivors (8192K)
 Metaspace       used 33421K, committed 34048K, reserved 1114112K
  class space    used 4432K, committed 4736K, reserved 1048576K
}
Event: 9.066 GC heap after
{Heap after GC invocations=11 (full 0):
 garbage-first heap   total 69632K, used 16841K [0x0000000702400000, 0x0000000800000000)
  region size 2048K, 2 young (4096K), 2 survivors (4096K)
 Metaspace       used 33421K, committed 34048K, reserved 1114112K
  class space    used 4432K, committed 4736K, reserved 1048576K
}
Event: 55.926 GC heap before
{Heap before GC invocations=11 (full 0):
 garbage-first heap   total 69632K, used 45513K [0x0000000702400000, 0x0000000800000000)
  region size 2048K, 17 young (34816K), 2 survivors (4096K)
 Metaspace       used 35716K, committed 36288K, reserved 1114112K
  class space    used 4732K, committed 4992K, reserved 1048576K
}
Event: 55.951 GC heap after
{Heap after GC invocations=12 (full 1):
 garbage-first heap   total 61440K, used 16569K [0x0000000702400000, 0x0000000800000000)
  region size 2048K, 0 young (0K), 0 survivors (0K)
 Metaspace       used 35716K, committed 36288K, reserved 1114112K
  class space    used 4732K, committed 4992K, reserved 1048576K
}
Event: 61.656 GC heap before
{Heap before GC invocations=12 (full 1):
 garbage-first heap   total 61440K, used 45241K [0x0000000702400000, 0x0000000800000000)
  region size 2048K, 15 young (30720K), 0 survivors (0K)
 Metaspace       used 35776K, committed 36480K, reserved 1114112K
  class space    used 4744K, committed 5056K, reserved 1048576K
}
Event: 61.685 GC heap after
{Heap after GC invocations=13 (full 2):
 garbage-first heap   total 55296K, used 14575K [0x0000000702400000, 0x0000000800000000)
  region size 2048K, 0 young (0K), 0 survivors (0K)
 Metaspace       used 35444K, committed 36480K, reserved 1114112K
  class space    used 4658K, committed 5056K, reserved 1048576K
}
Event: 149.711 GC heap before
{Heap before GC invocations=13 (full 2):
 garbage-first heap   total 55296K, used 45295K [0x0000000702400000, 0x0000000800000000)
  region size 2048K, 16 young (32768K), 0 survivors (0K)
 Metaspace       used 35488K, committed 36480K, reserved 1114112K
  class space    used 4666K, committed 5056K, reserved 1048576K
}
Event: 149.736 GC heap after
{Heap after GC invocations=14 (full 3):
 garbage-first heap   total 55296K, used 14613K [0x0000000702400000, 0x0000000800000000)
  region size 2048K, 0 young (0K), 0 survivors (0K)
 Metaspace       used 35485K, committed 36480K, reserved 1114112K
  class space    used 4666K, committed 5056K, reserved 1048576K
}

